2022-12-03 12:40:29,264 INFO org.hibernate.validator.internal.util.Version [background-preinit] HV000001: Hibernate Validator 6.2.5.Final
2022-12-03 12:40:29,267 INFO org.springframework.boot.StartupInfoLogger [main] Starting DoctorhubApplication using Java 17.0.5 on afshin-pc with PID 32334 (/home/afshin/Documents/java-projects/doctor-hub/target/classes started by afshin in /home/afshin/Documents/java-projects/doctor-hub)
2022-12-03 12:40:29,276 INFO org.springframework.boot.SpringApplication [main] No active profile set, falling back to 1 default profile: "default"
2022-12-03 12:40:30,115 INFO org.springframework.data.repository.config.RepositoryConfigurationDelegate [main] Bootstrapping Spring Data JPA repositories in DEFAULT mode.
2022-12-03 12:40:30,277 INFO org.springframework.data.repository.config.RepositoryConfigurationDelegate [main] Finished Spring Data repository scanning in 150 ms. Found 8 JPA repository interfaces.
2022-12-03 12:40:31,134 INFO org.springframework.boot.web.embedded.tomcat.TomcatWebServer [main] Tomcat initialized with port(s): 9000 (http)
2022-12-03 12:40:31,141 INFO org.apache.juli.logging.DirectJDKLog [main] Initializing ProtocolHandler ["http-nio-9000"]
2022-12-03 12:40:31,142 INFO org.apache.juli.logging.DirectJDKLog [main] Starting service [Tomcat]
2022-12-03 12:40:31,142 INFO org.apache.juli.logging.DirectJDKLog [main] Starting Servlet engine: [Apache Tomcat/9.0.68]
2022-12-03 12:40:31,219 INFO org.apache.juli.logging.DirectJDKLog [main] Initializing Spring embedded WebApplicationContext
2022-12-03 12:40:31,219 INFO org.springframework.boot.web.servlet.context.ServletWebServerApplicationContext [main] Root WebApplicationContext: initialization completed in 1898 ms
2022-12-03 12:40:31,349 INFO org.hibernate.jpa.internal.util.LogHelper [main] HHH000204: Processing PersistenceUnitInfo [name: default]
2022-12-03 12:40:31,394 INFO org.hibernate.Version [main] HHH000412: Hibernate ORM core version 5.6.12.Final
2022-12-03 12:40:31,513 INFO org.hibernate.annotations.common.reflection.java.JavaReflectionManager [main] HCANN000001: Hibernate Commons Annotations {5.1.2.Final}
2022-12-03 12:40:31,615 INFO com.zaxxer.hikari.HikariDataSource [main] HikariPool-1 - Starting...
2022-12-03 12:40:31,945 INFO com.zaxxer.hikari.HikariDataSource [main] HikariPool-1 - Start completed.
2022-12-03 12:40:31,970 INFO org.hibernate.dialect.Dialect [main] HHH000400: Using dialect: org.hibernate.dialect.PostgreSQL10Dialect
2022-12-03 12:40:32,675 INFO org.hibernate.engine.transaction.jta.platform.internal.JtaPlatformInitiator [main] HHH000490: Using JtaPlatform implementation: [org.hibernate.engine.transaction.jta.platform.internal.NoJtaPlatform]
2022-12-03 12:40:32,680 INFO org.springframework.orm.jpa.AbstractEntityManagerFactoryBean [main] Initialized JPA EntityManagerFactory for persistence unit 'default'
2022-12-03 12:40:33,111 WARN org.springframework.boot.autoconfigure.orm.jpa.JpaBaseConfiguration$JpaWebConfiguration [main] spring.jpa.open-in-view is enabled by default. Therefore, database queries may be performed during view rendering. Explicitly configure spring.jpa.open-in-view to disable this warning
2022-12-03 12:40:33,691 INFO org.springframework.security.web.DefaultSecurityFilterChain [main] Will secure any request with [org.springframework.security.web.session.DisableEncodeUrlFilter@e98adb2, org.springframework.security.web.context.request.async.WebAsyncManagerIntegrationFilter@2c3d0ff8, org.springframework.security.web.context.SecurityContextPersistenceFilter@129348e8, org.springframework.security.web.header.HeaderWriterFilter@46ab8e4b, org.springframework.web.filter.CorsFilter@1cb73a92, org.springframework.security.web.authentication.logout.LogoutFilter@28f6a008, com.project.doctorhub.auth.config.security.filter.JwtAuthorizationFilter@5b028f58, com.project.doctorhub.auth.config.security.filter.OtpAuthenticationFilter@7d3faf1d, org.springframework.security.web.savedrequest.RequestCacheAwareFilter@39a03ccc, org.springframework.security.web.servletapi.SecurityContextHolderAwareRequestFilter@981d9d2, org.springframework.security.web.authentication.AnonymousAuthenticationFilter@36017835, org.springframework.security.web.session.SessionManagementFilter@e21d73, org.springframework.security.web.access.ExceptionTranslationFilter@6e111aeb, org.springframework.security.web.access.intercept.FilterSecurityInterceptor@6aed4a23]
2022-12-03 12:40:33,719 INFO org.apache.juli.logging.DirectJDKLog [main] Starting ProtocolHandler ["http-nio-9000"]
2022-12-03 12:40:33,730 INFO org.springframework.boot.web.embedded.tomcat.TomcatWebServer [main] Tomcat started on port(s): 9000 (http) with context path ''
2022-12-03 12:40:33,739 INFO org.springframework.boot.StartupInfoLogger [main] Started DoctorhubApplication in 4.853 seconds (JVM running for 5.434)
2022-12-03 12:40:50,530 INFO org.apache.juli.logging.DirectJDKLog [http-nio-9000-exec-2] Initializing Spring DispatcherServlet 'dispatcherServlet'
2022-12-03 12:40:50,531 INFO org.springframework.web.servlet.FrameworkServlet [http-nio-9000-exec-2] Initializing Servlet 'dispatcherServlet'
2022-12-03 12:40:50,532 INFO org.springframework.web.servlet.FrameworkServlet [http-nio-9000-exec-2] Completed initialization in 1 ms
2022-12-03 12:49:15,665 INFO org.springframework.orm.jpa.AbstractEntityManagerFactoryBean [SpringApplicationShutdownHook] Closing JPA EntityManagerFactory for persistence unit 'default'
2022-12-03 12:49:15,667 INFO com.zaxxer.hikari.HikariDataSource [SpringApplicationShutdownHook] HikariPool-1 - Shutdown initiated...
2022-12-03 12:49:15,686 INFO com.zaxxer.hikari.HikariDataSource [SpringApplicationShutdownHook] HikariPool-1 - Shutdown completed.
2022-12-03 12:49:20,926 INFO org.hibernate.validator.internal.util.Version [background-preinit] HV000001: Hibernate Validator 6.2.5.Final
2022-12-03 12:49:20,930 INFO org.springframework.boot.StartupInfoLogger [main] Starting DoctorhubApplication using Java 17.0.5 on afshin-pc with PID 32781 (/home/afshin/Documents/java-projects/doctor-hub/target/classes started by afshin in /home/afshin/Documents/java-projects/doctor-hub)
2022-12-03 12:49:20,932 INFO org.springframework.boot.SpringApplication [main] No active profile set, falling back to 1 default profile: "default"
2022-12-03 12:49:21,446 INFO org.springframework.data.repository.config.RepositoryConfigurationDelegate [main] Bootstrapping Spring Data JPA repositories in DEFAULT mode.
2022-12-03 12:49:21,497 INFO org.springframework.data.repository.config.RepositoryConfigurationDelegate [main] Finished Spring Data repository scanning in 44 ms. Found 8 JPA repository interfaces.
2022-12-03 12:49:21,876 INFO org.springframework.boot.web.embedded.tomcat.TomcatWebServer [main] Tomcat initialized with port(s): 9000 (http)
2022-12-03 12:49:21,882 INFO org.apache.juli.logging.DirectJDKLog [main] Initializing ProtocolHandler ["http-nio-9000"]
2022-12-03 12:49:21,883 INFO org.apache.juli.logging.DirectJDKLog [main] Starting service [Tomcat]
2022-12-03 12:49:21,883 INFO org.apache.juli.logging.DirectJDKLog [main] Starting Servlet engine: [Apache Tomcat/9.0.68]
2022-12-03 12:49:21,944 INFO org.apache.juli.logging.DirectJDKLog [main] Initializing Spring embedded WebApplicationContext
2022-12-03 12:49:21,944 INFO org.springframework.boot.web.servlet.context.ServletWebServerApplicationContext [main] Root WebApplicationContext: initialization completed in 965 ms
2022-12-03 12:49:22,045 INFO org.hibernate.jpa.internal.util.LogHelper [main] HHH000204: Processing PersistenceUnitInfo [name: default]
2022-12-03 12:49:22,074 INFO org.hibernate.Version [main] HHH000412: Hibernate ORM core version 5.6.12.Final
2022-12-03 12:49:22,183 INFO org.hibernate.annotations.common.reflection.java.JavaReflectionManager [main] HCANN000001: Hibernate Commons Annotations {5.1.2.Final}
2022-12-03 12:49:22,255 INFO com.zaxxer.hikari.HikariDataSource [main] HikariPool-1 - Starting...
2022-12-03 12:49:22,593 INFO com.zaxxer.hikari.HikariDataSource [main] HikariPool-1 - Start completed.
2022-12-03 12:49:22,615 INFO org.hibernate.dialect.Dialect [main] HHH000400: Using dialect: org.hibernate.dialect.PostgreSQL10Dialect
2022-12-03 12:49:23,268 INFO org.hibernate.engine.transaction.jta.platform.internal.JtaPlatformInitiator [main] HHH000490: Using JtaPlatform implementation: [org.hibernate.engine.transaction.jta.platform.internal.NoJtaPlatform]
2022-12-03 12:49:23,273 INFO org.springframework.orm.jpa.AbstractEntityManagerFactoryBean [main] Initialized JPA EntityManagerFactory for persistence unit 'default'
2022-12-03 12:49:23,669 WARN org.springframework.boot.autoconfigure.orm.jpa.JpaBaseConfiguration$JpaWebConfiguration [main] spring.jpa.open-in-view is enabled by default. Therefore, database queries may be performed during view rendering. Explicitly configure spring.jpa.open-in-view to disable this warning
2022-12-03 12:49:24,222 INFO org.springframework.security.web.DefaultSecurityFilterChain [main] Will secure any request with [org.springframework.security.web.session.DisableEncodeUrlFilter@227c0cf7, org.springframework.security.web.context.request.async.WebAsyncManagerIntegrationFilter@13cc3984, org.springframework.security.web.context.SecurityContextPersistenceFilter@74691677, org.springframework.security.web.header.HeaderWriterFilter@3da6950f, org.springframework.web.filter.CorsFilter@55465bfc, org.springframework.security.web.authentication.logout.LogoutFilter@73753326, com.project.doctorhub.auth.config.security.filter.JwtAuthorizationFilter@76673ed, com.project.doctorhub.auth.config.security.filter.OtpAuthenticationFilter@5625ba2, org.springframework.security.web.savedrequest.RequestCacheAwareFilter@1abd1a28, org.springframework.security.web.servletapi.SecurityContextHolderAwareRequestFilter@66e62e19, org.springframework.security.web.authentication.AnonymousAuthenticationFilter@47bbf44d, org.springframework.security.web.session.SessionManagementFilter@45a05350, org.springframework.security.web.access.ExceptionTranslationFilter@981d9d2, org.springframework.security.web.access.intercept.FilterSecurityInterceptor@7207f3c2]
2022-12-03 12:49:24,251 INFO org.apache.juli.logging.DirectJDKLog [main] Starting ProtocolHandler ["http-nio-9000"]
2022-12-03 12:49:24,261 INFO org.springframework.boot.web.embedded.tomcat.TomcatWebServer [main] Tomcat started on port(s): 9000 (http) with context path ''
2022-12-03 12:49:24,269 INFO org.springframework.boot.StartupInfoLogger [main] Started DoctorhubApplication in 3.687 seconds (JVM running for 4.452)
2022-12-03 12:49:29,631 INFO org.apache.juli.logging.DirectJDKLog [http-nio-9000-exec-2] Initializing Spring DispatcherServlet 'dispatcherServlet'
2022-12-03 12:49:29,631 INFO org.springframework.web.servlet.FrameworkServlet [http-nio-9000-exec-2] Initializing Servlet 'dispatcherServlet'
2022-12-03 12:49:29,633 INFO org.springframework.web.servlet.FrameworkServlet [http-nio-9000-exec-2] Completed initialization in 1 ms
2022-12-03 12:49:29,789 ERROR com.project.doctorhub.util.StorageFileUtil [http-nio-9000-exec-2] could not copy file in file system home/afshin/Documents/project-docs/doctor_hub/speciality/image
2022-12-03 12:51:24,880 INFO org.springframework.orm.jpa.AbstractEntityManagerFactoryBean [SpringApplicationShutdownHook] Closing JPA EntityManagerFactory for persistence unit 'default'
2022-12-03 12:51:24,882 INFO com.zaxxer.hikari.HikariDataSource [SpringApplicationShutdownHook] HikariPool-1 - Shutdown initiated...
2022-12-03 12:51:24,890 INFO com.zaxxer.hikari.HikariDataSource [SpringApplicationShutdownHook] HikariPool-1 - Shutdown completed.
2022-12-03 12:51:31,666 INFO org.hibernate.validator.internal.util.Version [background-preinit] HV000001: Hibernate Validator 6.2.5.Final
2022-12-03 12:51:31,687 INFO org.springframework.boot.StartupInfoLogger [main] Starting DoctorhubApplication using Java 17.0.5 on afshin-pc with PID 32973 (/home/afshin/Documents/java-projects/doctor-hub/target/classes started by afshin in /home/afshin/Documents/java-projects/doctor-hub)
2022-12-03 12:51:31,688 INFO org.springframework.boot.SpringApplication [main] No active profile set, falling back to 1 default profile: "default"
2022-12-03 12:51:32,240 INFO org.springframework.data.repository.config.RepositoryConfigurationDelegate [main] Bootstrapping Spring Data JPA repositories in DEFAULT mode.
2022-12-03 12:51:32,291 INFO org.springframework.data.repository.config.RepositoryConfigurationDelegate [main] Finished Spring Data repository scanning in 46 ms. Found 8 JPA repository interfaces.
2022-12-03 12:51:32,689 INFO org.springframework.boot.web.embedded.tomcat.TomcatWebServer [main] Tomcat initialized with port(s): 9000 (http)
2022-12-03 12:51:32,695 INFO org.apache.juli.logging.DirectJDKLog [main] Initializing ProtocolHandler ["http-nio-9000"]
2022-12-03 12:51:32,695 INFO org.apache.juli.logging.DirectJDKLog [main] Starting service [Tomcat]
2022-12-03 12:51:32,695 INFO org.apache.juli.logging.DirectJDKLog [main] Starting Servlet engine: [Apache Tomcat/9.0.68]
2022-12-03 12:51:32,759 INFO org.apache.juli.logging.DirectJDKLog [main] Initializing Spring embedded WebApplicationContext
2022-12-03 12:51:32,760 INFO org.springframework.boot.web.servlet.context.ServletWebServerApplicationContext [main] Root WebApplicationContext: initialization completed in 1000 ms
2022-12-03 12:51:32,850 INFO org.hibernate.jpa.internal.util.LogHelper [main] HHH000204: Processing PersistenceUnitInfo [name: default]
2022-12-03 12:51:32,878 INFO org.hibernate.Version [main] HHH000412: Hibernate ORM core version 5.6.12.Final
2022-12-03 12:51:32,990 INFO org.hibernate.annotations.common.reflection.java.JavaReflectionManager [main] HCANN000001: Hibernate Commons Annotations {5.1.2.Final}
2022-12-03 12:51:33,065 INFO com.zaxxer.hikari.HikariDataSource [main] HikariPool-1 - Starting...
2022-12-03 12:51:33,253 INFO com.zaxxer.hikari.HikariDataSource [main] HikariPool-1 - Start completed.
2022-12-03 12:51:33,274 INFO org.hibernate.dialect.Dialect [main] HHH000400: Using dialect: org.hibernate.dialect.PostgreSQL10Dialect
2022-12-03 12:51:33,867 INFO org.hibernate.engine.transaction.jta.platform.internal.JtaPlatformInitiator [main] HHH000490: Using JtaPlatform implementation: [org.hibernate.engine.transaction.jta.platform.internal.NoJtaPlatform]
2022-12-03 12:51:33,872 INFO org.springframework.orm.jpa.AbstractEntityManagerFactoryBean [main] Initialized JPA EntityManagerFactory for persistence unit 'default'
2022-12-03 12:51:34,232 WARN org.springframework.boot.autoconfigure.orm.jpa.JpaBaseConfiguration$JpaWebConfiguration [main] spring.jpa.open-in-view is enabled by default. Therefore, database queries may be performed during view rendering. Explicitly configure spring.jpa.open-in-view to disable this warning
2022-12-03 12:51:34,722 INFO org.springframework.security.web.DefaultSecurityFilterChain [main] Will secure any request with [org.springframework.security.web.session.DisableEncodeUrlFilter@2784145d, org.springframework.security.web.context.request.async.WebAsyncManagerIntegrationFilter@4bd1b07d, org.springframework.security.web.context.SecurityContextPersistenceFilter@2fafa9bf, org.springframework.security.web.header.HeaderWriterFilter@39a1e1e6, org.springframework.web.filter.CorsFilter@7789526e, org.springframework.security.web.authentication.logout.LogoutFilter@4cb59398, com.project.doctorhub.auth.config.security.filter.JwtAuthorizationFilter@76673ed, com.project.doctorhub.auth.config.security.filter.OtpAuthenticationFilter@5fafd099, org.springframework.security.web.savedrequest.RequestCacheAwareFilter@43c3354, org.springframework.security.web.servletapi.SecurityContextHolderAwareRequestFilter@71dfca65, org.springframework.security.web.authentication.AnonymousAuthenticationFilter@580e01cd, org.springframework.security.web.session.SessionManagementFilter@5f346355, org.springframework.security.web.access.ExceptionTranslationFilter@1abd1a28, org.springframework.security.web.access.intercept.FilterSecurityInterceptor@227c0cf7]
2022-12-03 12:51:34,752 INFO org.apache.juli.logging.DirectJDKLog [main] Starting ProtocolHandler ["http-nio-9000"]
2022-12-03 12:51:34,762 INFO org.springframework.boot.web.embedded.tomcat.TomcatWebServer [main] Tomcat started on port(s): 9000 (http) with context path ''
2022-12-03 12:51:34,771 INFO org.springframework.boot.StartupInfoLogger [main] Started DoctorhubApplication in 3.497 seconds (JVM running for 4.239)
2022-12-03 12:53:26,955 INFO org.apache.juli.logging.DirectJDKLog [http-nio-9000-exec-1] Initializing Spring DispatcherServlet 'dispatcherServlet'
2022-12-03 12:53:26,955 INFO org.springframework.web.servlet.FrameworkServlet [http-nio-9000-exec-1] Initializing Servlet 'dispatcherServlet'
2022-12-03 12:53:26,956 INFO org.springframework.web.servlet.FrameworkServlet [http-nio-9000-exec-1] Completed initialization in 1 ms
2022-12-03 12:53:27,103 ERROR com.project.doctorhub.util.StorageFileUtil [http-nio-9000-exec-1] could not copy file in file system /home/afshin/Documents/java-projects/doctor-hub/home/afshin/Documents/project-docs/doctor_hub/speciality/image
2022-12-03 12:54:29,492 INFO org.springframework.orm.jpa.AbstractEntityManagerFactoryBean [SpringApplicationShutdownHook] Closing JPA EntityManagerFactory for persistence unit 'default'
2022-12-03 12:54:29,494 INFO com.zaxxer.hikari.HikariDataSource [SpringApplicationShutdownHook] HikariPool-1 - Shutdown initiated...
2022-12-03 12:54:29,501 INFO com.zaxxer.hikari.HikariDataSource [SpringApplicationShutdownHook] HikariPool-1 - Shutdown completed.
2022-12-03 12:54:33,634 INFO org.hibernate.validator.internal.util.Version [background-preinit] HV000001: Hibernate Validator 6.2.5.Final
2022-12-03 12:54:33,649 INFO org.springframework.boot.StartupInfoLogger [main] Starting DoctorhubApplication using Java 17.0.5 on afshin-pc with PID 33186 (/home/afshin/Documents/java-projects/doctor-hub/target/classes started by afshin in /home/afshin/Documents/java-projects/doctor-hub)
2022-12-03 12:54:33,650 INFO org.springframework.boot.SpringApplication [main] No active profile set, falling back to 1 default profile: "default"
2022-12-03 12:54:34,581 INFO org.springframework.data.repository.config.RepositoryConfigurationDelegate [main] Bootstrapping Spring Data JPA repositories in DEFAULT mode.
2022-12-03 12:54:34,781 INFO org.springframework.data.repository.config.RepositoryConfigurationDelegate [main] Finished Spring Data repository scanning in 188 ms. Found 8 JPA repository interfaces.
2022-12-03 12:54:35,966 INFO org.springframework.boot.web.embedded.tomcat.TomcatWebServer [main] Tomcat initialized with port(s): 9000 (http)
2022-12-03 12:54:35,980 INFO org.apache.juli.logging.DirectJDKLog [main] Initializing ProtocolHandler ["http-nio-9000"]
2022-12-03 12:54:35,988 INFO org.apache.juli.logging.DirectJDKLog [main] Starting service [Tomcat]
2022-12-03 12:54:35,988 INFO org.apache.juli.logging.DirectJDKLog [main] Starting Servlet engine: [Apache Tomcat/9.0.68]
2022-12-03 12:54:36,135 INFO org.apache.juli.logging.DirectJDKLog [main] Initializing Spring embedded WebApplicationContext
2022-12-03 12:54:36,136 INFO org.springframework.boot.web.servlet.context.ServletWebServerApplicationContext [main] Root WebApplicationContext: initialization completed in 2434 ms
2022-12-03 12:54:36,450 INFO org.hibernate.jpa.internal.util.LogHelper [main] HHH000204: Processing PersistenceUnitInfo [name: default]
2022-12-03 12:54:36,509 INFO org.hibernate.Version [main] HHH000412: Hibernate ORM core version 5.6.12.Final
2022-12-03 12:54:36,741 INFO org.hibernate.annotations.common.reflection.java.JavaReflectionManager [main] HCANN000001: Hibernate Commons Annotations {5.1.2.Final}
2022-12-03 12:54:36,887 INFO com.zaxxer.hikari.HikariDataSource [main] HikariPool-1 - Starting...
2022-12-03 12:54:37,292 INFO com.zaxxer.hikari.HikariDataSource [main] HikariPool-1 - Start completed.
2022-12-03 12:54:37,333 INFO org.hibernate.dialect.Dialect [main] HHH000400: Using dialect: org.hibernate.dialect.PostgreSQL10Dialect
2022-12-03 12:54:38,463 INFO org.hibernate.engine.transaction.jta.platform.internal.JtaPlatformInitiator [main] HHH000490: Using JtaPlatform implementation: [org.hibernate.engine.transaction.jta.platform.internal.NoJtaPlatform]
2022-12-03 12:54:38,469 INFO org.springframework.orm.jpa.AbstractEntityManagerFactoryBean [main] Initialized JPA EntityManagerFactory for persistence unit 'default'
2022-12-03 12:54:38,913 WARN org.springframework.boot.autoconfigure.orm.jpa.JpaBaseConfiguration$JpaWebConfiguration [main] spring.jpa.open-in-view is enabled by default. Therefore, database queries may be performed during view rendering. Explicitly configure spring.jpa.open-in-view to disable this warning
2022-12-03 12:54:39,472 INFO org.springframework.security.web.DefaultSecurityFilterChain [main] Will secure any request with [org.springframework.security.web.session.DisableEncodeUrlFilter@227c0cf7, org.springframework.security.web.context.request.async.WebAsyncManagerIntegrationFilter@13cc3984, org.springframework.security.web.context.SecurityContextPersistenceFilter@74691677, org.springframework.security.web.header.HeaderWriterFilter@3da6950f, org.springframework.web.filter.CorsFilter@55465bfc, org.springframework.security.web.authentication.logout.LogoutFilter@73753326, com.project.doctorhub.auth.config.security.filter.JwtAuthorizationFilter@67d8613, com.project.doctorhub.auth.config.security.filter.OtpAuthenticationFilter@5625ba2, org.springframework.security.web.savedrequest.RequestCacheAwareFilter@1abd1a28, org.springframework.security.web.servletapi.SecurityContextHolderAwareRequestFilter@66e62e19, org.springframework.security.web.authentication.AnonymousAuthenticationFilter@47bbf44d, org.springframework.security.web.session.SessionManagementFilter@45a05350, org.springframework.security.web.access.ExceptionTranslationFilter@981d9d2, org.springframework.security.web.access.intercept.FilterSecurityInterceptor@7207f3c2]
2022-12-03 12:54:39,505 INFO org.apache.juli.logging.DirectJDKLog [main] Starting ProtocolHandler ["http-nio-9000"]
2022-12-03 12:54:39,516 INFO org.springframework.boot.web.embedded.tomcat.TomcatWebServer [main] Tomcat started on port(s): 9000 (http) with context path ''
2022-12-03 12:54:39,525 INFO org.springframework.boot.StartupInfoLogger [main] Started DoctorhubApplication in 6.161 seconds (JVM running for 6.739)
2022-12-03 12:57:01,529 INFO org.springframework.orm.jpa.AbstractEntityManagerFactoryBean [SpringApplicationShutdownHook] Closing JPA EntityManagerFactory for persistence unit 'default'
2022-12-03 12:57:01,531 INFO com.zaxxer.hikari.HikariDataSource [SpringApplicationShutdownHook] HikariPool-1 - Shutdown initiated...
2022-12-03 12:57:01,537 INFO com.zaxxer.hikari.HikariDataSource [SpringApplicationShutdownHook] HikariPool-1 - Shutdown completed.
2022-12-03 12:57:07,168 INFO org.hibernate.validator.internal.util.Version [background-preinit] HV000001: Hibernate Validator 6.2.5.Final
2022-12-03 12:57:07,174 INFO org.springframework.boot.StartupInfoLogger [main] Starting DoctorhubApplication using Java 17.0.5 on afshin-pc with PID 33746 (/home/afshin/Documents/java-projects/doctor-hub/target/classes started by afshin in /home/afshin/Documents/java-projects/doctor-hub)
2022-12-03 12:57:07,175 INFO org.springframework.boot.SpringApplication [main] No active profile set, falling back to 1 default profile: "default"
2022-12-03 12:57:07,646 INFO org.springframework.data.repository.config.RepositoryConfigurationDelegate [main] Bootstrapping Spring Data JPA repositories in DEFAULT mode.
2022-12-03 12:57:07,698 INFO org.springframework.data.repository.config.RepositoryConfigurationDelegate [main] Finished Spring Data repository scanning in 44 ms. Found 8 JPA repository interfaces.
2022-12-03 12:57:08,060 INFO org.springframework.boot.web.embedded.tomcat.TomcatWebServer [main] Tomcat initialized with port(s): 9000 (http)
2022-12-03 12:57:08,065 INFO org.apache.juli.logging.DirectJDKLog [main] Initializing ProtocolHandler ["http-nio-9000"]
2022-12-03 12:57:08,066 INFO org.apache.juli.logging.DirectJDKLog [main] Starting service [Tomcat]
2022-12-03 12:57:08,066 INFO org.apache.juli.logging.DirectJDKLog [main] Starting Servlet engine: [Apache Tomcat/9.0.68]
2022-12-03 12:57:08,121 INFO org.apache.juli.logging.DirectJDKLog [main] Initializing Spring embedded WebApplicationContext
2022-12-03 12:57:08,122 INFO org.springframework.boot.web.servlet.context.ServletWebServerApplicationContext [main] Root WebApplicationContext: initialization completed in 900 ms
2022-12-03 12:57:08,219 INFO org.hibernate.jpa.internal.util.LogHelper [main] HHH000204: Processing PersistenceUnitInfo [name: default]
2022-12-03 12:57:08,248 INFO org.hibernate.Version [main] HHH000412: Hibernate ORM core version 5.6.12.Final
2022-12-03 12:57:08,342 INFO org.hibernate.annotations.common.reflection.java.JavaReflectionManager [main] HCANN000001: Hibernate Commons Annotations {5.1.2.Final}
2022-12-03 12:57:08,409 INFO com.zaxxer.hikari.HikariDataSource [main] HikariPool-1 - Starting...
2022-12-03 12:57:08,593 INFO com.zaxxer.hikari.HikariDataSource [main] HikariPool-1 - Start completed.
2022-12-03 12:57:08,612 INFO org.hibernate.dialect.Dialect [main] HHH000400: Using dialect: org.hibernate.dialect.PostgreSQL10Dialect
2022-12-03 12:57:09,171 INFO org.hibernate.engine.transaction.jta.platform.internal.JtaPlatformInitiator [main] HHH000490: Using JtaPlatform implementation: [org.hibernate.engine.transaction.jta.platform.internal.NoJtaPlatform]
2022-12-03 12:57:09,176 INFO org.springframework.orm.jpa.AbstractEntityManagerFactoryBean [main] Initialized JPA EntityManagerFactory for persistence unit 'default'
2022-12-03 12:57:09,512 WARN org.springframework.boot.autoconfigure.orm.jpa.JpaBaseConfiguration$JpaWebConfiguration [main] spring.jpa.open-in-view is enabled by default. Therefore, database queries may be performed during view rendering. Explicitly configure spring.jpa.open-in-view to disable this warning
2022-12-03 12:57:09,981 INFO org.springframework.security.web.DefaultSecurityFilterChain [main] Will secure any request with [org.springframework.security.web.session.DisableEncodeUrlFilter@227c0cf7, org.springframework.security.web.context.request.async.WebAsyncManagerIntegrationFilter@13cc3984, org.springframework.security.web.context.SecurityContextPersistenceFilter@74691677, org.springframework.security.web.header.HeaderWriterFilter@3da6950f, org.springframework.web.filter.CorsFilter@55465bfc, org.springframework.security.web.authentication.logout.LogoutFilter@73753326, com.project.doctorhub.auth.config.security.filter.JwtAuthorizationFilter@76673ed, com.project.doctorhub.auth.config.security.filter.OtpAuthenticationFilter@5625ba2, org.springframework.security.web.savedrequest.RequestCacheAwareFilter@1abd1a28, org.springframework.security.web.servletapi.SecurityContextHolderAwareRequestFilter@66e62e19, org.springframework.security.web.authentication.AnonymousAuthenticationFilter@47bbf44d, org.springframework.security.web.session.SessionManagementFilter@45a05350, org.springframework.security.web.access.ExceptionTranslationFilter@981d9d2, org.springframework.security.web.access.intercept.FilterSecurityInterceptor@7207f3c2]
2022-12-03 12:57:10,008 INFO org.apache.juli.logging.DirectJDKLog [main] Starting ProtocolHandler ["http-nio-9000"]
2022-12-03 12:57:10,018 INFO org.springframework.boot.web.embedded.tomcat.TomcatWebServer [main] Tomcat started on port(s): 9000 (http) with context path ''
2022-12-03 12:57:10,026 INFO org.springframework.boot.StartupInfoLogger [main] Started DoctorhubApplication in 3.122 seconds (JVM running for 3.738)
2022-12-03 12:57:43,734 INFO org.apache.juli.logging.DirectJDKLog [http-nio-9000-exec-2] Initializing Spring DispatcherServlet 'dispatcherServlet'
2022-12-03 12:57:43,734 INFO org.springframework.web.servlet.FrameworkServlet [http-nio-9000-exec-2] Initializing Servlet 'dispatcherServlet'
2022-12-03 12:57:43,735 INFO org.springframework.web.servlet.FrameworkServlet [http-nio-9000-exec-2] Completed initialization in 1 ms
2022-12-03 12:57:43,908 ERROR com.project.doctorhub.util.StorageFileUtil [http-nio-9000-exec-2] could not copy file in file system home/afshin/Documents/project-docs/doctor_hub/speciality/image: Is a directory
2022-12-03 12:59:02,215 INFO org.springframework.orm.jpa.AbstractEntityManagerFactoryBean [SpringApplicationShutdownHook] Closing JPA EntityManagerFactory for persistence unit 'default'
2022-12-03 12:59:02,217 INFO com.zaxxer.hikari.HikariDataSource [SpringApplicationShutdownHook] HikariPool-1 - Shutdown initiated...
2022-12-03 12:59:02,225 INFO com.zaxxer.hikari.HikariDataSource [SpringApplicationShutdownHook] HikariPool-1 - Shutdown completed.
2022-12-03 12:59:05,813 INFO org.hibernate.validator.internal.util.Version [background-preinit] HV000001: Hibernate Validator 6.2.5.Final
2022-12-03 12:59:05,832 INFO org.springframework.boot.StartupInfoLogger [main] Starting DoctorhubApplication using Java 17.0.5 on afshin-pc with PID 33989 (/home/afshin/Documents/java-projects/doctor-hub/target/classes started by afshin in /home/afshin/Documents/java-projects/doctor-hub)
2022-12-03 12:59:05,833 INFO org.springframework.boot.SpringApplication [main] No active profile set, falling back to 1 default profile: "default"
2022-12-03 12:59:06,353 INFO org.springframework.data.repository.config.RepositoryConfigurationDelegate [main] Bootstrapping Spring Data JPA repositories in DEFAULT mode.
2022-12-03 12:59:06,411 INFO org.springframework.data.repository.config.RepositoryConfigurationDelegate [main] Finished Spring Data repository scanning in 51 ms. Found 8 JPA repository interfaces.
2022-12-03 12:59:06,800 INFO org.springframework.boot.web.embedded.tomcat.TomcatWebServer [main] Tomcat initialized with port(s): 9000 (http)
2022-12-03 12:59:06,806 INFO org.apache.juli.logging.DirectJDKLog [main] Initializing ProtocolHandler ["http-nio-9000"]
2022-12-03 12:59:06,806 INFO org.apache.juli.logging.DirectJDKLog [main] Starting service [Tomcat]
2022-12-03 12:59:06,806 INFO org.apache.juli.logging.DirectJDKLog [main] Starting Servlet engine: [Apache Tomcat/9.0.68]
2022-12-03 12:59:06,869 INFO org.apache.juli.logging.DirectJDKLog [main] Initializing Spring embedded WebApplicationContext
2022-12-03 12:59:06,870 INFO org.springframework.boot.web.servlet.context.ServletWebServerApplicationContext [main] Root WebApplicationContext: initialization completed in 988 ms
2022-12-03 12:59:06,974 INFO org.hibernate.jpa.internal.util.LogHelper [main] HHH000204: Processing PersistenceUnitInfo [name: default]
2022-12-03 12:59:07,005 INFO org.hibernate.Version [main] HHH000412: Hibernate ORM core version 5.6.12.Final
2022-12-03 12:59:07,117 INFO org.hibernate.annotations.common.reflection.java.JavaReflectionManager [main] HCANN000001: Hibernate Commons Annotations {5.1.2.Final}
2022-12-03 12:59:07,188 INFO com.zaxxer.hikari.HikariDataSource [main] HikariPool-1 - Starting...
2022-12-03 12:59:07,394 INFO com.zaxxer.hikari.HikariDataSource [main] HikariPool-1 - Start completed.
2022-12-03 12:59:07,414 INFO org.hibernate.dialect.Dialect [main] HHH000400: Using dialect: org.hibernate.dialect.PostgreSQL10Dialect
2022-12-03 12:59:08,024 INFO org.hibernate.engine.transaction.jta.platform.internal.JtaPlatformInitiator [main] HHH000490: Using JtaPlatform implementation: [org.hibernate.engine.transaction.jta.platform.internal.NoJtaPlatform]
2022-12-03 12:59:08,029 INFO org.springframework.orm.jpa.AbstractEntityManagerFactoryBean [main] Initialized JPA EntityManagerFactory for persistence unit 'default'
2022-12-03 12:59:08,380 WARN org.springframework.boot.autoconfigure.orm.jpa.JpaBaseConfiguration$JpaWebConfiguration [main] spring.jpa.open-in-view is enabled by default. Therefore, database queries may be performed during view rendering. Explicitly configure spring.jpa.open-in-view to disable this warning
2022-12-03 12:59:08,886 INFO org.springframework.security.web.DefaultSecurityFilterChain [main] Will secure any request with [org.springframework.security.web.session.DisableEncodeUrlFilter@71842e18, org.springframework.security.web.context.request.async.WebAsyncManagerIntegrationFilter@227c0cf7, org.springframework.security.web.context.SecurityContextPersistenceFilter@74ed7111, org.springframework.security.web.header.HeaderWriterFilter@ad6448e, org.springframework.web.filter.CorsFilter@13cc3984, org.springframework.security.web.authentication.logout.LogoutFilter@2eb31735, com.project.doctorhub.auth.config.security.filter.JwtAuthorizationFilter@5300694d, com.project.doctorhub.auth.config.security.filter.OtpAuthenticationFilter@55465bfc, org.springframework.security.web.savedrequest.RequestCacheAwareFilter@3314f179, org.springframework.security.web.servletapi.SecurityContextHolderAwareRequestFilter@5f346355, org.springframework.security.web.authentication.AnonymousAuthenticationFilter@5625ba2, org.springframework.security.web.session.SessionManagementFilter@42684d86, org.springframework.security.web.access.ExceptionTranslationFilter@64836643, org.springframework.security.web.access.intercept.FilterSecurityInterceptor@36017835]
2022-12-03 12:59:08,915 INFO org.apache.juli.logging.DirectJDKLog [main] Starting ProtocolHandler ["http-nio-9000"]
2022-12-03 12:59:08,925 INFO org.springframework.boot.web.embedded.tomcat.TomcatWebServer [main] Tomcat started on port(s): 9000 (http) with context path ''
2022-12-03 12:59:08,933 INFO org.springframework.boot.StartupInfoLogger [main] Started DoctorhubApplication in 3.371 seconds (JVM running for 3.904)
2022-12-03 12:59:16,299 INFO org.apache.juli.logging.DirectJDKLog [http-nio-9000-exec-1] Initializing Spring DispatcherServlet 'dispatcherServlet'
2022-12-03 12:59:16,300 INFO org.springframework.web.servlet.FrameworkServlet [http-nio-9000-exec-1] Initializing Servlet 'dispatcherServlet'
2022-12-03 12:59:16,301 INFO org.springframework.web.servlet.FrameworkServlet [http-nio-9000-exec-1] Completed initialization in 1 ms
2022-12-03 13:00:40,520 INFO org.springframework.orm.jpa.AbstractEntityManagerFactoryBean [SpringApplicationShutdownHook] Closing JPA EntityManagerFactory for persistence unit 'default'
2022-12-03 13:00:40,521 INFO com.zaxxer.hikari.HikariDataSource [SpringApplicationShutdownHook] HikariPool-1 - Shutdown initiated...
2022-12-03 13:00:40,529 INFO com.zaxxer.hikari.HikariDataSource [SpringApplicationShutdownHook] HikariPool-1 - Shutdown completed.
2022-12-03 13:00:44,139 INFO org.hibernate.validator.internal.util.Version [background-preinit] HV000001: Hibernate Validator 6.2.5.Final
2022-12-03 13:00:44,141 INFO org.springframework.boot.StartupInfoLogger [main] Starting DoctorhubApplication using Java 17.0.5 on afshin-pc with PID 34244 (/home/afshin/Documents/java-projects/doctor-hub/target/classes started by afshin in /home/afshin/Documents/java-projects/doctor-hub)
2022-12-03 13:00:44,142 INFO org.springframework.boot.SpringApplication [main] No active profile set, falling back to 1 default profile: "default"
2022-12-03 13:00:44,633 INFO org.springframework.data.repository.config.RepositoryConfigurationDelegate [main] Bootstrapping Spring Data JPA repositories in DEFAULT mode.
2022-12-03 13:00:44,690 INFO org.springframework.data.repository.config.RepositoryConfigurationDelegate [main] Finished Spring Data repository scanning in 50 ms. Found 8 JPA repository interfaces.
2022-12-03 13:00:45,058 INFO org.springframework.boot.web.embedded.tomcat.TomcatWebServer [main] Tomcat initialized with port(s): 9000 (http)
2022-12-03 13:00:45,064 INFO org.apache.juli.logging.DirectJDKLog [main] Initializing ProtocolHandler ["http-nio-9000"]
2022-12-03 13:00:45,064 INFO org.apache.juli.logging.DirectJDKLog [main] Starting service [Tomcat]
2022-12-03 13:00:45,065 INFO org.apache.juli.logging.DirectJDKLog [main] Starting Servlet engine: [Apache Tomcat/9.0.68]
2022-12-03 13:00:45,119 INFO org.apache.juli.logging.DirectJDKLog [main] Initializing Spring embedded WebApplicationContext
2022-12-03 13:00:45,119 INFO org.springframework.boot.web.servlet.context.ServletWebServerApplicationContext [main] Root WebApplicationContext: initialization completed in 935 ms
2022-12-03 13:00:45,220 INFO org.hibernate.jpa.internal.util.LogHelper [main] HHH000204: Processing PersistenceUnitInfo [name: default]
2022-12-03 13:00:45,249 INFO org.hibernate.Version [main] HHH000412: Hibernate ORM core version 5.6.12.Final
2022-12-03 13:00:45,360 INFO org.hibernate.annotations.common.reflection.java.JavaReflectionManager [main] HCANN000001: Hibernate Commons Annotations {5.1.2.Final}
2022-12-03 13:00:45,436 INFO com.zaxxer.hikari.HikariDataSource [main] HikariPool-1 - Starting...
2022-12-03 13:00:45,647 INFO com.zaxxer.hikari.HikariDataSource [main] HikariPool-1 - Start completed.
2022-12-03 13:00:45,668 INFO org.hibernate.dialect.Dialect [main] HHH000400: Using dialect: org.hibernate.dialect.PostgreSQL10Dialect
2022-12-03 13:00:46,258 INFO org.hibernate.engine.transaction.jta.platform.internal.JtaPlatformInitiator [main] HHH000490: Using JtaPlatform implementation: [org.hibernate.engine.transaction.jta.platform.internal.NoJtaPlatform]
2022-12-03 13:00:46,263 INFO org.springframework.orm.jpa.AbstractEntityManagerFactoryBean [main] Initialized JPA EntityManagerFactory for persistence unit 'default'
2022-12-03 13:00:46,628 WARN org.springframework.boot.autoconfigure.orm.jpa.JpaBaseConfiguration$JpaWebConfiguration [main] spring.jpa.open-in-view is enabled by default. Therefore, database queries may be performed during view rendering. Explicitly configure spring.jpa.open-in-view to disable this warning
2022-12-03 13:00:47,136 INFO org.springframework.security.web.DefaultSecurityFilterChain [main] Will secure any request with [org.springframework.security.web.session.DisableEncodeUrlFilter@13cc3984, org.springframework.security.web.context.request.async.WebAsyncManagerIntegrationFilter@55465bfc, org.springframework.security.web.context.SecurityContextPersistenceFilter@3314f179, org.springframework.security.web.header.HeaderWriterFilter@42684d86, org.springframework.web.filter.CorsFilter@5625ba2, org.springframework.security.web.authentication.logout.LogoutFilter@24f77077, com.project.doctorhub.auth.config.security.filter.JwtAuthorizationFilter@5300694d, com.project.doctorhub.auth.config.security.filter.OtpAuthenticationFilter@47bbf44d, org.springframework.security.web.savedrequest.RequestCacheAwareFilter@5478597, org.springframework.security.web.servletapi.SecurityContextHolderAwareRequestFilter@50fe5df2, org.springframework.security.web.authentication.AnonymousAuthenticationFilter@35c9f527, org.springframework.security.web.session.SessionManagementFilter@7d6a9d5e, org.springframework.security.web.access.ExceptionTranslationFilter@ad6448e, org.springframework.security.web.access.intercept.FilterSecurityInterceptor@574134ba]
2022-12-03 13:00:47,165 INFO org.apache.juli.logging.DirectJDKLog [main] Starting ProtocolHandler ["http-nio-9000"]
2022-12-03 13:00:47,175 INFO org.springframework.boot.web.embedded.tomcat.TomcatWebServer [main] Tomcat started on port(s): 9000 (http) with context path ''
2022-12-03 13:00:47,185 INFO org.springframework.boot.StartupInfoLogger [main] Started DoctorhubApplication in 3.314 seconds (JVM running for 3.896)
2022-12-03 13:01:04,969 INFO org.apache.juli.logging.DirectJDKLog [http-nio-9000-exec-1] Initializing Spring DispatcherServlet 'dispatcherServlet'
2022-12-03 13:01:04,969 INFO org.springframework.web.servlet.FrameworkServlet [http-nio-9000-exec-1] Initializing Servlet 'dispatcherServlet'
2022-12-03 13:01:04,970 INFO org.springframework.web.servlet.FrameworkServlet [http-nio-9000-exec-1] Completed initialization in 1 ms
2022-12-03 13:10:00,939 INFO org.springframework.orm.jpa.AbstractEntityManagerFactoryBean [SpringApplicationShutdownHook] Closing JPA EntityManagerFactory for persistence unit 'default'
2022-12-03 13:10:00,940 INFO com.zaxxer.hikari.HikariDataSource [SpringApplicationShutdownHook] HikariPool-1 - Shutdown initiated...
2022-12-03 13:10:00,948 INFO com.zaxxer.hikari.HikariDataSource [SpringApplicationShutdownHook] HikariPool-1 - Shutdown completed.
2022-12-03 13:10:07,210 INFO org.springframework.boot.StartupInfoLogger [main] Starting DoctorhubApplication using Java 17.0.5 on afshin-pc with PID 35251 (/home/afshin/Documents/java-projects/doctor-hub/target/classes started by afshin in /home/afshin/Documents/java-projects/doctor-hub)
2022-12-03 13:10:07,215 INFO org.springframework.boot.SpringApplication [main] No active profile set, falling back to 1 default profile: "default"
2022-12-03 13:10:07,228 INFO org.hibernate.validator.internal.util.Version [background-preinit] HV000001: Hibernate Validator 6.2.5.Final
2022-12-03 13:10:08,502 INFO org.springframework.data.repository.config.RepositoryConfigurationDelegate [main] Bootstrapping Spring Data JPA repositories in DEFAULT mode.
2022-12-03 13:10:08,611 INFO org.springframework.data.repository.config.RepositoryConfigurationDelegate [main] Finished Spring Data repository scanning in 99 ms. Found 8 JPA repository interfaces.
2022-12-03 13:10:09,304 INFO org.springframework.boot.web.embedded.tomcat.TomcatWebServer [main] Tomcat initialized with port(s): 9000 (http)
2022-12-03 13:10:09,312 INFO org.apache.juli.logging.DirectJDKLog [main] Initializing ProtocolHandler ["http-nio-9000"]
2022-12-03 13:10:09,312 INFO org.apache.juli.logging.DirectJDKLog [main] Starting service [Tomcat]
2022-12-03 13:10:09,312 INFO org.apache.juli.logging.DirectJDKLog [main] Starting Servlet engine: [Apache Tomcat/9.0.68]
2022-12-03 13:10:09,404 INFO org.apache.juli.logging.DirectJDKLog [main] Initializing Spring embedded WebApplicationContext
2022-12-03 13:10:09,404 INFO org.springframework.boot.web.servlet.context.ServletWebServerApplicationContext [main] Root WebApplicationContext: initialization completed in 2130 ms
2022-12-03 13:10:09,581 INFO org.hibernate.jpa.internal.util.LogHelper [main] HHH000204: Processing PersistenceUnitInfo [name: default]
2022-12-03 13:10:09,701 INFO org.hibernate.Version [main] HHH000412: Hibernate ORM core version 5.6.12.Final
2022-12-03 13:10:10,157 INFO org.hibernate.annotations.common.reflection.java.JavaReflectionManager [main] HCANN000001: Hibernate Commons Annotations {5.1.2.Final}
2022-12-03 13:10:10,381 INFO com.zaxxer.hikari.HikariDataSource [main] HikariPool-1 - Starting...
2022-12-03 13:10:10,702 INFO com.zaxxer.hikari.HikariDataSource [main] HikariPool-1 - Start completed.
2022-12-03 13:10:10,759 INFO org.hibernate.dialect.Dialect [main] HHH000400: Using dialect: org.hibernate.dialect.PostgreSQL10Dialect
2022-12-03 13:10:11,454 INFO org.hibernate.engine.transaction.jta.platform.internal.JtaPlatformInitiator [main] HHH000490: Using JtaPlatform implementation: [org.hibernate.engine.transaction.jta.platform.internal.NoJtaPlatform]
2022-12-03 13:10:11,460 INFO org.springframework.orm.jpa.AbstractEntityManagerFactoryBean [main] Initialized JPA EntityManagerFactory for persistence unit 'default'
2022-12-03 13:10:11,900 WARN org.springframework.boot.autoconfigure.orm.jpa.JpaBaseConfiguration$JpaWebConfiguration [main] spring.jpa.open-in-view is enabled by default. Therefore, database queries may be performed during view rendering. Explicitly configure spring.jpa.open-in-view to disable this warning
2022-12-03 13:10:12,501 INFO org.springframework.security.web.DefaultSecurityFilterChain [main] Will secure any request with [org.springframework.security.web.session.DisableEncodeUrlFilter@45ecdd32, org.springframework.security.web.context.request.async.WebAsyncManagerIntegrationFilter@408980aa, org.springframework.security.web.context.SecurityContextPersistenceFilter@308d4981, org.springframework.security.web.header.HeaderWriterFilter@71dfca65, org.springframework.web.filter.CorsFilter@68e62b3b, org.springframework.security.web.authentication.logout.LogoutFilter@3c1d6ef0, com.project.doctorhub.auth.config.security.filter.JwtAuthorizationFilter@54ed249f, com.project.doctorhub.auth.config.security.filter.OtpAuthenticationFilter@34c2e03d, org.springframework.security.web.savedrequest.RequestCacheAwareFilter@750adad8, org.springframework.security.web.servletapi.SecurityContextHolderAwareRequestFilter@2eb31735, org.springframework.security.web.authentication.AnonymousAuthenticationFilter@17e4beda, org.springframework.security.web.session.SessionManagementFilter@1e9f6095, org.springframework.security.web.access.ExceptionTranslationFilter@4d359c69, org.springframework.security.web.access.intercept.FilterSecurityInterceptor@5fafd099]
2022-12-03 13:10:12,533 INFO org.apache.juli.logging.DirectJDKLog [main] Starting ProtocolHandler ["http-nio-9000"]
2022-12-03 13:10:12,545 INFO org.springframework.boot.web.embedded.tomcat.TomcatWebServer [main] Tomcat started on port(s): 9000 (http) with context path ''
2022-12-03 13:10:12,554 INFO org.springframework.boot.StartupInfoLogger [main] Started DoctorhubApplication in 6.071 seconds (JVM running for 6.884)
2022-12-03 13:10:17,696 INFO org.apache.juli.logging.DirectJDKLog [http-nio-9000-exec-2] Initializing Spring DispatcherServlet 'dispatcherServlet'
2022-12-03 13:10:17,696 INFO org.springframework.web.servlet.FrameworkServlet [http-nio-9000-exec-2] Initializing Servlet 'dispatcherServlet'
2022-12-03 13:10:17,697 INFO org.springframework.web.servlet.FrameworkServlet [http-nio-9000-exec-2] Completed initialization in 1 ms
2022-12-03 13:13:45,973 INFO org.springframework.orm.jpa.AbstractEntityManagerFactoryBean [SpringApplicationShutdownHook] Closing JPA EntityManagerFactory for persistence unit 'default'
2022-12-03 13:13:45,974 INFO com.zaxxer.hikari.HikariDataSource [SpringApplicationShutdownHook] HikariPool-1 - Shutdown initiated...
2022-12-03 13:13:45,981 INFO com.zaxxer.hikari.HikariDataSource [SpringApplicationShutdownHook] HikariPool-1 - Shutdown completed.
2022-12-03 13:14:09,461 INFO org.hibernate.validator.internal.util.Version [background-preinit] HV000001: Hibernate Validator 6.2.5.Final
2022-12-03 13:14:09,466 INFO org.springframework.boot.StartupInfoLogger [main] Starting DoctorhubApplication using Java 17.0.5 on afshin-pc with PID 35584 (/home/afshin/Documents/java-projects/doctor-hub/target/classes started by afshin in /home/afshin/Documents/java-projects/doctor-hub)
2022-12-03 13:14:09,466 INFO org.springframework.boot.SpringApplication [main] No active profile set, falling back to 1 default profile: "default"
2022-12-03 13:14:10,011 INFO org.springframework.data.repository.config.RepositoryConfigurationDelegate [main] Bootstrapping Spring Data JPA repositories in DEFAULT mode.
2022-12-03 13:14:10,064 INFO org.springframework.data.repository.config.RepositoryConfigurationDelegate [main] Finished Spring Data repository scanning in 47 ms. Found 8 JPA repository interfaces.
2022-12-03 13:14:10,448 INFO org.springframework.boot.web.embedded.tomcat.TomcatWebServer [main] Tomcat initialized with port(s): 9000 (http)
2022-12-03 13:14:10,454 INFO org.apache.juli.logging.DirectJDKLog [main] Initializing ProtocolHandler ["http-nio-9000"]
2022-12-03 13:14:10,454 INFO org.apache.juli.logging.DirectJDKLog [main] Starting service [Tomcat]
2022-12-03 13:14:10,454 INFO org.apache.juli.logging.DirectJDKLog [main] Starting Servlet engine: [Apache Tomcat/9.0.68]
2022-12-03 13:14:10,517 INFO org.apache.juli.logging.DirectJDKLog [main] Initializing Spring embedded WebApplicationContext
2022-12-03 13:14:10,517 INFO org.springframework.boot.web.servlet.context.ServletWebServerApplicationContext [main] Root WebApplicationContext: initialization completed in 1001 ms
2022-12-03 13:14:10,617 INFO org.hibernate.jpa.internal.util.LogHelper [main] HHH000204: Processing PersistenceUnitInfo [name: default]
2022-12-03 13:14:10,710 INFO org.hibernate.Version [main] HHH000412: Hibernate ORM core version 5.6.12.Final
2022-12-03 13:14:10,808 INFO org.hibernate.annotations.common.reflection.java.JavaReflectionManager [main] HCANN000001: Hibernate Commons Annotations {5.1.2.Final}
2022-12-03 13:14:10,876 INFO com.zaxxer.hikari.HikariDataSource [main] HikariPool-1 - Starting...
2022-12-03 13:14:11,075 INFO com.zaxxer.hikari.HikariDataSource [main] HikariPool-1 - Start completed.
2022-12-03 13:14:11,094 INFO org.hibernate.dialect.Dialect [main] HHH000400: Using dialect: org.hibernate.dialect.PostgreSQL10Dialect
2022-12-03 13:14:11,687 INFO org.hibernate.engine.transaction.jta.platform.internal.JtaPlatformInitiator [main] HHH000490: Using JtaPlatform implementation: [org.hibernate.engine.transaction.jta.platform.internal.NoJtaPlatform]
2022-12-03 13:14:11,692 INFO org.springframework.orm.jpa.AbstractEntityManagerFactoryBean [main] Initialized JPA EntityManagerFactory for persistence unit 'default'
2022-12-03 13:14:12,065 WARN org.springframework.boot.autoconfigure.orm.jpa.JpaBaseConfiguration$JpaWebConfiguration [main] spring.jpa.open-in-view is enabled by default. Therefore, database queries may be performed during view rendering. Explicitly configure spring.jpa.open-in-view to disable this warning
2022-12-03 13:14:12,605 INFO org.springframework.security.web.DefaultSecurityFilterChain [main] Will secure any request with [org.springframework.security.web.session.DisableEncodeUrlFilter@7712df76, org.springframework.security.web.context.request.async.WebAsyncManagerIntegrationFilter@e98adb2, org.springframework.security.web.context.SecurityContextPersistenceFilter@600b3bee, org.springframework.security.web.header.HeaderWriterFilter@55a5eea3, org.springframework.web.filter.CorsFilter@2c3d0ff8, org.springframework.security.web.authentication.logout.LogoutFilter@4d359c69, com.project.doctorhub.auth.config.security.filter.JwtAuthorizationFilter@76673ed, com.project.doctorhub.auth.config.security.filter.OtpAuthenticationFilter@1cb73a92, org.springframework.security.web.savedrequest.RequestCacheAwareFilter@20ad64c, org.springframework.security.web.servletapi.SecurityContextHolderAwareRequestFilter@64836643, org.springframework.security.web.authentication.AnonymousAuthenticationFilter@7d3faf1d, org.springframework.security.web.session.SessionManagementFilter@66428512, org.springframework.security.web.access.ExceptionTranslationFilter@7b9b6a56, org.springframework.security.web.access.intercept.FilterSecurityInterceptor@272485a6]
2022-12-03 13:14:12,633 INFO org.apache.juli.logging.DirectJDKLog [main] Starting ProtocolHandler ["http-nio-9000"]
2022-12-03 13:14:12,643 INFO org.springframework.boot.web.embedded.tomcat.TomcatWebServer [main] Tomcat started on port(s): 9000 (http) with context path ''
2022-12-03 13:14:12,652 INFO org.springframework.boot.StartupInfoLogger [main] Started DoctorhubApplication in 3.462 seconds (JVM running for 3.983)
2022-12-03 13:14:17,493 INFO org.apache.juli.logging.DirectJDKLog [http-nio-9000-exec-1] Initializing Spring DispatcherServlet 'dispatcherServlet'
2022-12-03 13:14:17,493 INFO org.springframework.web.servlet.FrameworkServlet [http-nio-9000-exec-1] Initializing Servlet 'dispatcherServlet'
2022-12-03 13:14:17,494 INFO org.springframework.web.servlet.FrameworkServlet [http-nio-9000-exec-1] Completed initialization in 1 ms
2022-12-03 13:19:13,753 INFO org.springframework.orm.jpa.AbstractEntityManagerFactoryBean [SpringApplicationShutdownHook] Closing JPA EntityManagerFactory for persistence unit 'default'
2022-12-03 13:19:13,755 INFO com.zaxxer.hikari.HikariDataSource [SpringApplicationShutdownHook] HikariPool-1 - Shutdown initiated...
2022-12-03 13:19:13,762 INFO com.zaxxer.hikari.HikariDataSource [SpringApplicationShutdownHook] HikariPool-1 - Shutdown completed.
2022-12-03 13:19:18,147 INFO org.hibernate.validator.internal.util.Version [background-preinit] HV000001: Hibernate Validator 6.2.5.Final
2022-12-03 13:19:18,154 INFO org.springframework.boot.StartupInfoLogger [main] Starting DoctorhubApplication using Java 17.0.5 on afshin-pc with PID 35877 (/home/afshin/Documents/java-projects/doctor-hub/target/classes started by afshin in /home/afshin/Documents/java-projects/doctor-hub)
2022-12-03 13:19:18,155 INFO org.springframework.boot.SpringApplication [main] No active profile set, falling back to 1 default profile: "default"
2022-12-03 13:19:18,700 INFO org.springframework.data.repository.config.RepositoryConfigurationDelegate [main] Bootstrapping Spring Data JPA repositories in DEFAULT mode.
2022-12-03 13:19:18,756 INFO org.springframework.data.repository.config.RepositoryConfigurationDelegate [main] Finished Spring Data repository scanning in 50 ms. Found 8 JPA repository interfaces.
2022-12-03 13:19:19,130 INFO org.springframework.boot.web.embedded.tomcat.TomcatWebServer [main] Tomcat initialized with port(s): 9000 (http)
2022-12-03 13:19:19,136 INFO org.apache.juli.logging.DirectJDKLog [main] Initializing ProtocolHandler ["http-nio-9000"]
2022-12-03 13:19:19,136 INFO org.apache.juli.logging.DirectJDKLog [main] Starting service [Tomcat]
2022-12-03 13:19:19,136 INFO org.apache.juli.logging.DirectJDKLog [main] Starting Servlet engine: [Apache Tomcat/9.0.68]
2022-12-03 13:19:19,194 INFO org.apache.juli.logging.DirectJDKLog [main] Initializing Spring embedded WebApplicationContext
2022-12-03 13:19:19,194 INFO org.springframework.boot.web.servlet.context.ServletWebServerApplicationContext [main] Root WebApplicationContext: initialization completed in 984 ms
2022-12-03 13:19:19,291 INFO org.hibernate.jpa.internal.util.LogHelper [main] HHH000204: Processing PersistenceUnitInfo [name: default]
2022-12-03 13:19:19,319 INFO org.hibernate.Version [main] HHH000412: Hibernate ORM core version 5.6.12.Final
2022-12-03 13:19:19,434 INFO org.hibernate.annotations.common.reflection.java.JavaReflectionManager [main] HCANN000001: Hibernate Commons Annotations {5.1.2.Final}
2022-12-03 13:19:19,508 INFO com.zaxxer.hikari.HikariDataSource [main] HikariPool-1 - Starting...
2022-12-03 13:19:19,707 INFO com.zaxxer.hikari.HikariDataSource [main] HikariPool-1 - Start completed.
2022-12-03 13:19:19,728 INFO org.hibernate.dialect.Dialect [main] HHH000400: Using dialect: org.hibernate.dialect.PostgreSQL10Dialect
2022-12-03 13:19:20,334 INFO org.hibernate.engine.transaction.jta.platform.internal.JtaPlatformInitiator [main] HHH000490: Using JtaPlatform implementation: [org.hibernate.engine.transaction.jta.platform.internal.NoJtaPlatform]
2022-12-03 13:19:20,339 INFO org.springframework.orm.jpa.AbstractEntityManagerFactoryBean [main] Initialized JPA EntityManagerFactory for persistence unit 'default'
2022-12-03 13:19:20,701 WARN org.springframework.boot.autoconfigure.orm.jpa.JpaBaseConfiguration$JpaWebConfiguration [main] spring.jpa.open-in-view is enabled by default. Therefore, database queries may be performed during view rendering. Explicitly configure spring.jpa.open-in-view to disable this warning
2022-12-03 13:19:21,161 INFO org.springframework.security.web.DefaultSecurityFilterChain [main] Will secure any request with [org.springframework.security.web.session.DisableEncodeUrlFilter@227c0cf7, org.springframework.security.web.context.request.async.WebAsyncManagerIntegrationFilter@13cc3984, org.springframework.security.web.context.SecurityContextPersistenceFilter@74691677, org.springframework.security.web.header.HeaderWriterFilter@3da6950f, org.springframework.web.filter.CorsFilter@55465bfc, org.springframework.security.web.authentication.logout.LogoutFilter@73753326, com.project.doctorhub.auth.config.security.filter.JwtAuthorizationFilter@76673ed, com.project.doctorhub.auth.config.security.filter.OtpAuthenticationFilter@5625ba2, org.springframework.security.web.savedrequest.RequestCacheAwareFilter@1abd1a28, org.springframework.security.web.servletapi.SecurityContextHolderAwareRequestFilter@66e62e19, org.springframework.security.web.authentication.AnonymousAuthenticationFilter@47bbf44d, org.springframework.security.web.session.SessionManagementFilter@45a05350, org.springframework.security.web.access.ExceptionTranslationFilter@981d9d2, org.springframework.security.web.access.intercept.FilterSecurityInterceptor@7207f3c2]
2022-12-03 13:19:21,185 INFO org.apache.juli.logging.DirectJDKLog [main] Starting ProtocolHandler ["http-nio-9000"]
2022-12-03 13:19:21,194 INFO org.springframework.boot.web.embedded.tomcat.TomcatWebServer [main] Tomcat started on port(s): 9000 (http) with context path ''
2022-12-03 13:19:21,202 INFO org.springframework.boot.StartupInfoLogger [main] Started DoctorhubApplication in 3.323 seconds (JVM running for 3.885)
2022-12-03 13:19:27,304 INFO org.apache.juli.logging.DirectJDKLog [http-nio-9000-exec-1] Initializing Spring DispatcherServlet 'dispatcherServlet'
2022-12-03 13:19:27,304 INFO org.springframework.web.servlet.FrameworkServlet [http-nio-9000-exec-1] Initializing Servlet 'dispatcherServlet'
2022-12-03 13:19:27,305 INFO org.springframework.web.servlet.FrameworkServlet [http-nio-9000-exec-1] Completed initialization in 1 ms
2022-12-03 13:22:58,174 INFO org.springframework.orm.jpa.AbstractEntityManagerFactoryBean [SpringApplicationShutdownHook] Closing JPA EntityManagerFactory for persistence unit 'default'
2022-12-03 13:22:58,175 INFO com.zaxxer.hikari.HikariDataSource [SpringApplicationShutdownHook] HikariPool-1 - Shutdown initiated...
2022-12-03 13:22:58,182 INFO com.zaxxer.hikari.HikariDataSource [SpringApplicationShutdownHook] HikariPool-1 - Shutdown completed.
